<?xml version="1.0" encoding="UTF-8" ?>
<testsuites disabled="0" errors="0" failures="0" tests="1" time="1.105">
 <testsuite name="App" timestamp="2020-03-26T18:27:09" hostname="localhost" time="1.105" errors="0" tests="1" skipped="0" disabled="0" failures="0">
  <testcase classname="App" name="should show title" time="1.103" />
 </testsuite>
</testsuites>