<?xml version="1.0" encoding="UTF-8" ?>
<testsuites disabled="0" errors="0" failures="0" tests="1" time="3.129">
 <testsuite name="App" timestamp="2020-05-06T12:25:25" hostname="localhost" time="3.129" errors="0" tests="1" skipped="0" disabled="0" failures="0">
  <testcase classname="App" name="should show title" time="3.128" />
 </testsuite>
</testsuites>