<?xml version="1.0" encoding="UTF-8" ?>
<testsuites disabled="0" errors="0" failures="0" tests="1" time="2.675">
 <testsuite name="App" timestamp="2020-05-06T12:01:25" hostname="localhost" time="2.675" errors="0" tests="1" skipped="0" disabled="0" failures="0">
  <testcase classname="App" name="should show title" time="2.673" />
 </testsuite>
</testsuites>